d:\git\new folder\doan\castlevania\castlevania\debug\vc141.pdb
d:\git\new folder\doan\castlevania\castlevania\debug\vc141.idb
d:\git\new folder\doan\castlevania\castlevania\debug\keyboard.obj
d:\git\new folder\doan\castlevania\castlevania\debug\item.obj
d:\git\new folder\doan\castlevania\castlevania\debug\gtexture.obj
d:\git\new folder\doan\castlevania\castlevania\debug\gsurface.obj
d:\git\new folder\doan\castlevania\castlevania\debug\gsprite.obj
d:\git\new folder\doan\castlevania\castlevania\debug\global.obj
d:\git\new folder\doan\castlevania\castlevania\debug\gcamera.obj
d:\git\new folder\doan\castlevania\castlevania\debug\gate.obj
d:\git\new folder\doan\castlevania\castlevania\debug\game.obj
d:\git\new folder\doan\castlevania\castlevania\debug\font.obj
d:\git\new folder\doan\castlevania\castlevania\debug\enemyrender.obj
d:\git\new folder\doan\castlevania\castlevania\debug\enemy.obj
d:\git\new folder\doan\castlevania\castlevania\debug\effect.obj
d:\git\new folder\doan\castlevania\castlevania\debug\ctext.obj
d:\git\new folder\doan\castlevania\castlevania\debug\collision.obj
d:\git\new folder\doan\castlevania\castlevania\debug\box.obj
d:\git\new folder\doan\castlevania\castlevania\debug\bonepillar.obj
d:\git\new folder\doan\castlevania\castlevania\debug\blackboard.obj
d:\git\new folder\doan\castlevania\castlevania\debug\bat.obj
d:\git\new folder\doan\castlevania\castlevania\debug\axeknight.obj
d:\git\new folder\doan\castlevania\castlevania\debug\winmain.obj
d:\git\new folder\doan\castlevania\castlevania\debug\weapon.obj
d:\git\new folder\doan\castlevania\castlevania\debug\topstair.obj
d:\git\new folder\doan\castlevania\castlevania\debug\tile.obj
d:\git\new folder\doan\castlevania\castlevania\debug\stair.obj
d:\git\new folder\doan\castlevania\castlevania\debug\spearguard.obj
d:\git\new folder\doan\castlevania\castlevania\debug\smallcandle.obj
d:\git\new folder\doan\castlevania\castlevania\debug\skeleton.obj
d:\git\new folder\doan\castlevania\castlevania\debug\simon.obj
d:\git\new folder\doan\castlevania\castlevania\debug\scenemenu.obj
d:\git\new folder\doan\castlevania\castlevania\debug\scenemain.obj
d:\git\new folder\doan\castlevania\castlevania\debug\pleaman.obj
d:\git\new folder\doan\castlevania\castlevania\debug\objmanager.obj
d:\git\new folder\doan\castlevania\castlevania\debug\object.obj
d:\git\new folder\doan\castlevania\castlevania\debug\baseobject.obj
d:\git\new folder\doan\castlevania\castlevania\debug\map.obj
d:\git\new folder\doan\castlevania\castlevania\debug\madusahead.obj
d:\git\new folder\doan\castlevania\castlevania\debug\level6.obj
d:\git\new folder\doan\castlevania\castlevania\debug\level5.obj
d:\git\new folder\doan\castlevania\debug\castlevania.exe
d:\git\new folder\doan\castlevania\debug\castlevania.ilk
d:\git\new folder\doan\castlevania\debug\castlevania.pdb
d:\git\new folder\doan\castlevania\castlevania\debug\bigcandel.obj
d:\git\new folder\doan\castlevania\castlevania\debug\bosslv2.obj
d:\git\new folder\doan\castlevania\castlevania\debug\bosslv3.obj
d:\git\new folder\doan\castlevania\castlevania\debug\ghost.obj
d:\git\new folder\doan\castlevania\castlevania\debug\level2.obj
d:\git\new folder\doan\castlevania\castlevania\debug\level3.obj
d:\git\new folder\doan\castlevania\castlevania\debug\moveplatform.obj
d:\git\new folder\doan\castlevania\castlevania\debug\player.obj
d:\git\new folder\doan\castlevania\castlevania\debug\quadnode.obj
d:\git\new folder\doan\castlevania\castlevania\debug\quadtree.obj
d:\git\new folder\doan\castlevania\castlevania\debug\raven.obj
d:\git\new folder\doan\castlevania\castlevania\debug\trap.obj
d:\git\new folder\doan\castlevania\castlevania\debug\level2.obj.enc
d:\git\new folder\doan\castlevania\castlevania\debug\castlevania.tlog\cl.command.1.tlog
d:\git\new folder\doan\castlevania\castlevania\debug\castlevania.tlog\cl.read.1.tlog
d:\git\new folder\doan\castlevania\castlevania\debug\castlevania.tlog\cl.write.1.tlog
d:\git\new folder\doan\castlevania\castlevania\debug\castlevania.tlog\link.command.1.tlog
d:\git\new folder\doan\castlevania\castlevania\debug\castlevania.tlog\link.read.1.tlog
d:\git\new folder\doan\castlevania\castlevania\debug\castlevania.tlog\link.write.1.tlog
