  Level6.cpp
  c:\program files (x86)\microsoft directx sdk (june 2010)\include\dinput.h: DIRECTINPUT_VERSION undefined. Defaulting to version 0x0800
e:\hockyhe\doan\castlevania\castlevania\objmanager.h(77): warning C4018: '<': signed/unsigned mismatch
e:\hockyhe\doan\castlevania\castlevania\objmanager.h(109): warning C4018: '<': signed/unsigned mismatch
e:\hockyhe\doan\castlevania\castlevania\objmanager.h(123): warning C4018: '<': signed/unsigned mismatch
e:\hockyhe\doan\castlevania\castlevania\objmanager.h(163): warning C4018: '<': signed/unsigned mismatch
e:\hockyhe\doan\castlevania\castlevania\objmanager.h(168): warning C4018: '<': signed/unsigned mismatch
e:\hockyhe\doan\castlevania\castlevania\objmanager.h(194): warning C4018: '<': signed/unsigned mismatch
e:\hockyhe\doan\castlevania\castlevania\objmanager.h(196): warning C4018: '<': signed/unsigned mismatch
e:\hockyhe\doan\castlevania\castlevania\objmanager.h(202): warning C4018: '<': signed/unsigned mismatch
e:\hockyhe\doan\castlevania\castlevania\objmanager.h(220): warning C4018: '<': signed/unsigned mismatch
e:\hockyhe\doan\castlevania\castlevania\objmanager.h(240): warning C4018: '<': signed/unsigned mismatch
e:\hockyhe\doan\castlevania\castlevania\objmanager.h(252): warning C4018: '<': signed/unsigned mismatch
e:\hockyhe\doan\castlevania\castlevania\objmanager.h(274): warning C4018: '<': signed/unsigned mismatch
e:\hockyhe\doan\castlevania\castlevania\objmanager.h(299): warning C4018: '<': signed/unsigned mismatch
e:\hockyhe\doan\castlevania\castlevania\objmanager.h(338): warning C4018: '<': signed/unsigned mismatch
e:\hockyhe\doan\castlevania\castlevania\objmanager.h(351): warning C4018: '<': signed/unsigned mismatch
e:\hockyhe\doan\castlevania\castlevania\objmanager.h(370): warning C4018: '<': signed/unsigned mismatch
e:\hockyhe\doan\castlevania\castlevania\objmanager.h(409): warning C4018: '<': signed/unsigned mismatch
e:\hockyhe\doan\castlevania\castlevania\objmanager.h(416): warning C4018: '<': signed/unsigned mismatch
e:\hockyhe\doan\castlevania\castlevania\objmanager.h(428): warning C4018: '<': signed/unsigned mismatch
e:\hockyhe\doan\castlevania\castlevania\level6.cpp(33): warning C4101: 'str': unreferenced local variable
  Castlevania.vcxproj -> E:\HocKyHe\DoAn\Castlevania\Debug\Castlevania.exe
